<?xml version="1.0" encoding="UTF-8"?>
<testsuite name="com.shevchenko.edu.employeemanager.EmployeemanagerApplicationTests" tests="1" skipped="0" failures="0" errors="0" timestamp="2021-03-16T15:41:26" hostname="EPUAKHAW059B" time="0.054">
  <properties/>
  <testcase name="contextLoads()" classname="com.shevchenko.edu.employeemanager.EmployeemanagerApplicationTests" time="0.054"/>
  <system-out><![CDATA[17:41:23.005 [Test worker] DEBUG org.springframework.test.context.BootstrapUtils - Instantiating CacheAwareContextLoaderDelegate from class [org.springframework.test.context.cache.DefaultCacheAwareContextLoaderDelegate]
17:41:23.017 [Test worker] DEBUG org.springframework.test.context.BootstrapUtils - Instantiating BootstrapContext using constructor [public org.springframework.test.context.support.DefaultBootstrapContext(java.lang.Class,org.springframework.test.context.CacheAwareContextLoaderDelegate)]
17:41:23.044 [Test worker] DEBUG org.springframework.test.context.BootstrapUtils - Instantiating TestContextBootstrapper for test class [com.shevchenko.edu.employeemanager.EmployeemanagerApplicationTests] from class [org.springframework.boot.test.context.SpringBootTestContextBootstrapper]
17:41:23.055 [Test worker] INFO org.springframework.boot.test.context.SpringBootTestContextBootstrapper - Neither @ContextConfiguration nor @ContextHierarchy found for test class [com.shevchenko.edu.employeemanager.EmployeemanagerApplicationTests], using SpringBootContextLoader
17:41:23.058 [Test worker] DEBUG org.springframework.test.context.support.AbstractContextLoader - Did not detect default resource location for test class [com.shevchenko.edu.employeemanager.EmployeemanagerApplicationTests]: class path resource [com/shevchenko/edu/employeemanager/EmployeemanagerApplicationTests-context.xml] does not exist
17:41:23.058 [Test worker] DEBUG org.springframework.test.context.support.AbstractContextLoader - Did not detect default resource location for test class [com.shevchenko.edu.employeemanager.EmployeemanagerApplicationTests]: class path resource [com/shevchenko/edu/employeemanager/EmployeemanagerApplicationTestsContext.groovy] does not exist
17:41:23.058 [Test worker] INFO org.springframework.test.context.support.AbstractContextLoader - Could not detect default resource locations for test class [com.shevchenko.edu.employeemanager.EmployeemanagerApplicationTests]: no resource found for suffixes {-context.xml, Context.groovy}.
17:41:23.059 [Test worker] INFO org.springframework.test.context.support.AnnotationConfigContextLoaderUtils - Could not detect default configuration classes for test class [com.shevchenko.edu.employeemanager.EmployeemanagerApplicationTests]: EmployeemanagerApplicationTests does not declare any static, non-private, non-final, nested classes annotated with @Configuration.
17:41:23.094 [Test worker] DEBUG org.springframework.test.context.support.ActiveProfilesUtils - Could not find an 'annotation declaring class' for annotation type [org.springframework.test.context.ActiveProfiles] and class [com.shevchenko.edu.employeemanager.EmployeemanagerApplicationTests]
17:41:23.151 [Test worker] DEBUG org.springframework.context.annotation.ClassPathScanningCandidateComponentProvider - Identified candidate component class: file [C:\education\employeemanager\build\classes\java\main\com\shevchenko\edu\employeemanager\EmployeemanagerApplication.class]
17:41:23.153 [Test worker] INFO org.springframework.boot.test.context.SpringBootTestContextBootstrapper - Found @SpringBootConfiguration com.shevchenko.edu.employeemanager.EmployeemanagerApplication for test class com.shevchenko.edu.employeemanager.EmployeemanagerApplicationTests
17:41:23.233 [Test worker] DEBUG org.springframework.boot.test.context.SpringBootTestContextBootstrapper - @TestExecutionListeners is not present for class [com.shevchenko.edu.employeemanager.EmployeemanagerApplicationTests]: using defaults.
17:41:23.233 [Test worker] INFO org.springframework.boot.test.context.SpringBootTestContextBootstrapper - Loaded default TestExecutionListener class names from location [META-INF/spring.factories]: [org.springframework.boot.test.autoconfigure.restdocs.RestDocsTestExecutionListener, org.springframework.boot.test.autoconfigure.web.client.MockRestServiceServerResetTestExecutionListener, org.springframework.boot.test.autoconfigure.web.servlet.MockMvcPrintOnlyOnFailureTestExecutionListener, org.springframework.boot.test.autoconfigure.web.servlet.WebDriverTestExecutionListener, org.springframework.boot.test.autoconfigure.webservices.client.MockWebServiceServerTestExecutionListener, org.springframework.boot.test.mock.mockito.MockitoTestExecutionListener, org.springframework.boot.test.mock.mockito.ResetMocksTestExecutionListener, org.springframework.test.context.web.ServletTestExecutionListener, org.springframework.test.context.support.DirtiesContextBeforeModesTestExecutionListener, org.springframework.test.context.event.ApplicationEventsTestExecutionListener, org.springframework.test.context.support.DependencyInjectionTestExecutionListener, org.springframework.test.context.support.DirtiesContextTestExecutionListener, org.springframework.test.context.transaction.TransactionalTestExecutionListener, org.springframework.test.context.jdbc.SqlScriptsTestExecutionListener, org.springframework.test.context.event.EventPublishingTestExecutionListener]
17:41:23.252 [Test worker] INFO org.springframework.boot.test.context.SpringBootTestContextBootstrapper - Using TestExecutionListeners: [org.springframework.test.context.web.ServletTestExecutionListener@11905d88, org.springframework.test.context.support.DirtiesContextBeforeModesTestExecutionListener@783af363, org.springframework.test.context.event.ApplicationEventsTestExecutionListener@7e520063, org.springframework.boot.test.mock.mockito.MockitoTestExecutionListener@548cc71e, org.springframework.boot.test.autoconfigure.SpringBootDependencyInjectionTestExecutionListener@4763ac1a, org.springframework.test.context.support.DirtiesContextTestExecutionListener@68edfe7e, org.springframework.test.context.transaction.TransactionalTestExecutionListener@652aa18, org.springframework.test.context.jdbc.SqlScriptsTestExecutionListener@34d429fb, org.springframework.test.context.event.EventPublishingTestExecutionListener@6e0d5007, org.springframework.boot.test.autoconfigure.restdocs.RestDocsTestExecutionListener@69945db6, org.springframework.boot.test.autoconfigure.web.client.MockRestServiceServerResetTestExecutionListener@7a0538f6, org.springframework.boot.test.autoconfigure.web.servlet.MockMvcPrintOnlyOnFailureTestExecutionListener@6f0b4dbc, org.springframework.boot.test.autoconfigure.web.servlet.WebDriverTestExecutionListener@6b02a532, org.springframework.boot.test.autoconfigure.webservices.client.MockWebServiceServerTestExecutionListener@20b02c09, org.springframework.boot.test.mock.mockito.ResetMocksTestExecutionListener@73a16261]
17:41:23.255 [Test worker] DEBUG org.springframework.test.context.support.AbstractDirtiesContextTestExecutionListener - Before test class: context [DefaultTestContext@5e1d7a46 testClass = EmployeemanagerApplicationTests, testInstance = [null], testMethod = [null], testException = [null], mergedContextConfiguration = [WebMergedContextConfiguration@7b3359a4 testClass = EmployeemanagerApplicationTests, locations = '{}', classes = '{class com.shevchenko.edu.employeemanager.EmployeemanagerApplication}', contextInitializerClasses = '[]', activeProfiles = '{}', propertySourceLocations = '{}', propertySourceProperties = '{org.springframework.boot.test.context.SpringBootTestContextBootstrapper=true}', contextCustomizers = set[org.springframework.boot.test.autoconfigure.actuate.metrics.MetricsExportContextCustomizerFactory$DisableMetricExportContextCustomizer@8d78147, org.springframework.boot.test.autoconfigure.properties.PropertyMappingContextCustomizer@0, org.springframework.boot.test.autoconfigure.web.servlet.WebDriverContextCustomizerFactory$Customizer@62fe2ad5, org.springframework.boot.test.context.filter.ExcludeFilterContextCustomizer@3567af7e, org.springframework.boot.test.json.DuplicateJsonObjectContextCustomizerFactory$DuplicateJsonObjectContextCustomizer@269c1cb7, org.springframework.boot.test.mock.mockito.MockitoContextCustomizer@0, org.springframework.boot.test.web.client.TestRestTemplateContextCustomizer@5f602265, org.springframework.boot.test.context.SpringBootTestArgs@1, org.springframework.boot.test.context.SpringBootTestWebEnvironment@6cf992bf], resourceBasePath = 'src/main/webapp', contextLoader = 'org.springframework.boot.test.context.SpringBootContextLoader', parent = [null]], attributes = map['org.springframework.test.context.web.ServletTestExecutionListener.activateListener' -> true]], class annotated with @DirtiesContext [false] with mode [null].
17:41:23.279 [Test worker] DEBUG org.springframework.test.context.support.TestPropertySourceUtils - Adding inlined properties to environment: {spring.jmx.enabled=false, org.springframework.boot.test.context.SpringBootTestContextBootstrapper=true}

  .   ____          _            __ _ _
 /\\ / ___'_ __ _ _(_)_ __  __ _ \ \ \ \
( ( )\___ | '_ | '_| | '_ \/ _` | \ \ \ \
 \\/  ___)| |_)| | | | | || (_| |  ) ) ) )
  '  |____| .__|_| |_|_| |_\__, | / / / /
 =========|_|==============|___/=/_/_/_/
 :: Spring Boot ::                (v2.4.3)

2021-03-16 17:41:23.479  INFO 13660 --- [    Test worker] c.s.e.e.EmployeemanagerApplicationTests  : Starting EmployeemanagerApplicationTests using Java 1.8.0_191 on EPUAKHAW059B with PID 13660 (started by Yevhenii_Shevchenko in C:\education\employeemanager)
2021-03-16 17:41:23.480  INFO 13660 --- [    Test worker] c.s.e.e.EmployeemanagerApplicationTests  : No active profile set, falling back to default profiles: default
2021-03-16 17:41:23.934  INFO 13660 --- [    Test worker] .s.d.r.c.RepositoryConfigurationDelegate : Bootstrapping Spring Data JPA repositories in DEFAULT mode.
2021-03-16 17:41:23.978  INFO 13660 --- [    Test worker] .s.d.r.c.RepositoryConfigurationDelegate : Finished Spring Data repository scanning in 38 ms. Found 1 JPA repository interfaces.
2021-03-16 17:41:24.380  INFO 13660 --- [    Test worker] o.hibernate.jpa.internal.util.LogHelper  : HHH000204: Processing PersistenceUnitInfo [name: default]
2021-03-16 17:41:24.427  INFO 13660 --- [    Test worker] org.hibernate.Version                    : HHH000412: Hibernate ORM core version 5.4.28.Final
2021-03-16 17:41:24.591  INFO 13660 --- [    Test worker] o.hibernate.annotations.common.Version   : HCANN000001: Hibernate Commons Annotations {5.1.2.Final}
2021-03-16 17:41:24.685  INFO 13660 --- [    Test worker] com.zaxxer.hikari.HikariDataSource       : HikariPool-1 - Starting...
2021-03-16 17:41:24.795  INFO 13660 --- [    Test worker] com.zaxxer.hikari.HikariDataSource       : HikariPool-1 - Start completed.
2021-03-16 17:41:24.811  INFO 13660 --- [    Test worker] org.hibernate.dialect.Dialect            : HHH000400: Using dialect: org.hibernate.dialect.PostgreSQL10Dialect
2021-03-16 17:41:25.302  INFO 13660 --- [    Test worker] o.h.e.t.j.p.i.JtaPlatformInitiator       : HHH000490: Using JtaPlatform implementation: [org.hibernate.engine.transaction.jta.platform.internal.NoJtaPlatform]
2021-03-16 17:41:25.310  INFO 13660 --- [    Test worker] j.LocalContainerEntityManagerFactoryBean : Initialized JPA EntityManagerFactory for persistence unit 'default'
2021-03-16 17:41:25.783  WARN 13660 --- [    Test worker] JpaBaseConfiguration$JpaWebConfiguration : spring.jpa.open-in-view is enabled by default. Therefore, database queries may be performed during view rendering. Explicitly configure spring.jpa.open-in-view to disable this warning
2021-03-16 17:41:25.960  INFO 13660 --- [    Test worker] o.s.s.concurrent.ThreadPoolTaskExecutor  : Initializing ExecutorService 'applicationTaskExecutor'
2021-03-16 17:41:26.244  INFO 13660 --- [    Test worker] c.s.e.e.EmployeemanagerApplicationTests  : Started EmployeemanagerApplicationTests in 2.961 seconds (JVM running for 4.052)
]]></system-out>
  <system-err><![CDATA[]]></system-err>
</testsuite>
